2024-06-22 00:49:14.345 | WARNING  | ir_sim.env.env_logger:warning:25 - robot0 is collided at state [np.float64(13.53), np.float64(13.59)]
2024-06-22 00:49:14.422 | INFO     | ir_sim.env.env_logger:info:16 - Figure will be closed within 10 seconds.
2024-06-22 00:49:41.336 | WARNING  | ir_sim.env.env_logger:warning:25 - robot0 is collided at state [np.float64(12.16), np.float64(9.57)]
2024-06-22 00:53:11.917 | INFO     | ir_sim.env.env_logger:info:16 - Figure will be closed within 10 seconds.
2024-06-22 01:04:26.684 | WARNING  | ir_sim.env.env_logger:warning:25 - robot0 is collided at state [np.float64(9.53), np.float64(11.94)]
2024-06-22 01:05:19.250 | INFO     | ir_sim.env.env_logger:info:16 - Figure will be closed within 10 seconds.
2024-06-22 01:17:27.544 | WARNING  | ir_sim.env.env_logger:warning:25 - robot0 is collided at state [np.float64(12.94), np.float64(13.14)]
2024-06-22 01:28:54.304 | WARNING  | ir_sim.env.env_logger:warning:25 - robot!!!!0 is collided at state [np.float64(13.61), np.float64(10.73)]
2024-06-22 01:35:38.826 | WARNING  | ir_sim.env.env_logger:warning:25 - robot0 is collided at state [np.float64(19.6), np.float64(13.98)]
2024-06-22 01:36:06.240 | WARNING  | ir_sim.env.env_logger:warning:25 - robot0 is collided at state [np.float64(9.04), np.float64(11.94)]
2024-06-22 01:37:21.071 | WARNING  | ir_sim.env.env_logger:warning:25 - robot0 is collided at state [np.float64(12.06), np.float64(16.97)]
2024-06-22 01:37:21.071 | WARNING  | ir_sim.env.env_logger:warning:25 - robot{} roll back state
2024-06-22 01:38:39.759 | WARNING  | ir_sim.env.env_logger:warning:25 - robot0 is collided at state [np.float64(7.37), np.float64(6.75)]
2024-06-22 01:38:39.759 | WARNING  | ir_sim.env.env_logger:warning:25 - robot0 roll back state
2024-06-22 01:38:39.849 | WARNING  | ir_sim.env.env_logger:warning:25 - robot0 is collided at state [np.float64(7.37), np.float64(6.75)]
2024-06-22 01:38:39.849 | WARNING  | ir_sim.env.env_logger:warning:25 - robot0 roll back state
2024-06-22 01:38:39.936 | WARNING  | ir_sim.env.env_logger:warning:25 - robot0 is collided at state [np.float64(7.37), np.float64(6.75)]
2024-06-22 01:38:39.937 | WARNING  | ir_sim.env.env_logger:warning:25 - robot0 roll back state
2024-06-22 01:38:40.031 | WARNING  | ir_sim.env.env_logger:warning:25 - robot0 is collided at state [np.float64(7.37), np.float64(6.75)]
2024-06-22 01:38:40.031 | WARNING  | ir_sim.env.env_logger:warning:25 - robot0 roll back state
2024-06-22 01:38:40.118 | WARNING  | ir_sim.env.env_logger:warning:25 - robot0 is collided at state [np.float64(7.37), np.float64(6.75)]
2024-06-22 01:38:40.118 | WARNING  | ir_sim.env.env_logger:warning:25 - robot0 roll back state
2024-06-22 01:38:40.205 | WARNING  | ir_sim.env.env_logger:warning:25 - robot0 is collided at state [np.float64(7.37), np.float64(6.75)]
2024-06-22 01:38:40.205 | WARNING  | ir_sim.env.env_logger:warning:25 - robot0 roll back state
2024-06-22 01:38:40.292 | WARNING  | ir_sim.env.env_logger:warning:25 - robot0 is collided at state [np.float64(7.37), np.float64(6.75)]
2024-06-22 01:38:40.292 | WARNING  | ir_sim.env.env_logger:warning:25 - robot0 roll back state
2024-06-22 01:38:40.813 | WARNING  | ir_sim.env.env_logger:warning:25 - robot0 is collided at state [np.float64(7.37), np.float64(6.75)]
2024-06-22 01:38:40.813 | WARNING  | ir_sim.env.env_logger:warning:25 - robot0 roll back state
2024-06-22 01:38:40.899 | WARNING  | ir_sim.env.env_logger:warning:25 - robot0 is collided at state [np.float64(7.37), np.float64(6.75)]
2024-06-22 01:38:40.900 | WARNING  | ir_sim.env.env_logger:warning:25 - robot0 roll back state
2024-06-22 01:38:40.985 | WARNING  | ir_sim.env.env_logger:warning:25 - robot0 is collided at state [np.float64(7.37), np.float64(6.75)]
2024-06-22 01:38:40.985 | WARNING  | ir_sim.env.env_logger:warning:25 - robot0 roll back state
2024-06-22 01:38:41.072 | WARNING  | ir_sim.env.env_logger:warning:25 - robot0 is collided at state [np.float64(7.37), np.float64(6.75)]
2024-06-22 01:38:41.073 | WARNING  | ir_sim.env.env_logger:warning:25 - robot0 roll back state
2024-06-22 01:38:41.164 | WARNING  | ir_sim.env.env_logger:warning:25 - robot0 is collided at state [np.float64(7.37), np.float64(6.75)]
2024-06-22 01:38:41.165 | WARNING  | ir_sim.env.env_logger:warning:25 - robot0 roll back state
2024-06-22 01:38:41.250 | WARNING  | ir_sim.env.env_logger:warning:25 - robot0 is collided at state [np.float64(7.37), np.float64(6.75)]
2024-06-22 01:38:41.251 | WARNING  | ir_sim.env.env_logger:warning:25 - robot0 roll back state
2024-06-22 01:38:41.343 | WARNING  | ir_sim.env.env_logger:warning:25 - robot0 is collided at state [np.float64(7.37), np.float64(6.75)]
2024-06-22 01:38:41.343 | WARNING  | ir_sim.env.env_logger:warning:25 - robot0 roll back state
2024-06-22 01:38:41.431 | WARNING  | ir_sim.env.env_logger:warning:25 - robot0 is collided at state [np.float64(7.37), np.float64(6.75)]
2024-06-22 01:38:41.431 | WARNING  | ir_sim.env.env_logger:warning:25 - robot0 roll back state
2024-06-22 01:38:41.518 | WARNING  | ir_sim.env.env_logger:warning:25 - robot0 is collided at state [np.float64(7.37), np.float64(6.75)]
2024-06-22 01:38:41.519 | WARNING  | ir_sim.env.env_logger:warning:25 - robot0 roll back state
2024-06-22 01:38:41.604 | WARNING  | ir_sim.env.env_logger:warning:25 - robot0 is collided at state [np.float64(7.37), np.float64(6.75)]
2024-06-22 01:38:41.604 | WARNING  | ir_sim.env.env_logger:warning:25 - robot0 roll back state
2024-06-22 01:38:41.698 | WARNING  | ir_sim.env.env_logger:warning:25 - robot0 is collided at state [np.float64(7.37), np.float64(6.75)]
2024-06-22 01:38:41.698 | WARNING  | ir_sim.env.env_logger:warning:25 - robot0 roll back state
2024-06-22 01:38:41.786 | WARNING  | ir_sim.env.env_logger:warning:25 - robot0 is collided at state [np.float64(7.37), np.float64(6.75)]
2024-06-22 01:38:41.786 | WARNING  | ir_sim.env.env_logger:warning:25 - robot0 roll back state
2024-06-22 01:38:41.873 | WARNING  | ir_sim.env.env_logger:warning:25 - robot0 is collided at state [np.float64(7.37), np.float64(6.75)]
2024-06-22 01:38:41.873 | WARNING  | ir_sim.env.env_logger:warning:25 - robot0 roll back state
2024-06-22 01:38:41.962 | WARNING  | ir_sim.env.env_logger:warning:25 - robot0 is collided at state [np.float64(7.37), np.float64(6.75)]
2024-06-22 01:38:41.962 | WARNING  | ir_sim.env.env_logger:warning:25 - robot0 roll back state
2024-06-22 01:38:42.048 | WARNING  | ir_sim.env.env_logger:warning:25 - robot0 is collided at state [np.float64(7.37), np.float64(6.75)]
2024-06-22 01:38:42.049 | WARNING  | ir_sim.env.env_logger:warning:25 - robot0 roll back state
2024-06-22 01:38:42.134 | WARNING  | ir_sim.env.env_logger:warning:25 - robot0 is collided at state [np.float64(7.37), np.float64(6.75)]
2024-06-22 01:38:42.135 | WARNING  | ir_sim.env.env_logger:warning:25 - robot0 roll back state
2024-06-22 01:38:42.221 | WARNING  | ir_sim.env.env_logger:warning:25 - robot0 is collided at state [np.float64(7.37), np.float64(6.75)]
2024-06-22 01:38:42.221 | WARNING  | ir_sim.env.env_logger:warning:25 - robot0 roll back state
2024-06-22 01:38:42.309 | WARNING  | ir_sim.env.env_logger:warning:25 - robot0 is collided at state [np.float64(7.37), np.float64(6.75)]
2024-06-22 01:38:42.310 | WARNING  | ir_sim.env.env_logger:warning:25 - robot0 roll back state
2024-06-22 01:38:42.395 | WARNING  | ir_sim.env.env_logger:warning:25 - robot0 is collided at state [np.float64(7.37), np.float64(6.75)]
2024-06-22 01:38:42.395 | WARNING  | ir_sim.env.env_logger:warning:25 - robot0 roll back state
2024-06-22 01:38:47.487 | WARNING  | ir_sim.env.env_logger:warning:25 - robot0 is collided at state [np.float64(13.22), np.float64(10.38)]
2024-06-22 01:38:47.488 | WARNING  | ir_sim.env.env_logger:warning:25 - robot0 roll back state
2024-06-22 01:38:47.574 | WARNING  | ir_sim.env.env_logger:warning:25 - robot0 is collided at state [np.float64(13.22), np.float64(10.38)]
2024-06-22 01:38:47.575 | WARNING  | ir_sim.env.env_logger:warning:25 - robot0 roll back state
2024-06-22 01:38:47.662 | WARNING  | ir_sim.env.env_logger:warning:25 - robot0 is collided at state [np.float64(13.22), np.float64(10.38)]
2024-06-22 01:38:47.662 | WARNING  | ir_sim.env.env_logger:warning:25 - robot0 roll back state
2024-06-22 01:38:47.749 | WARNING  | ir_sim.env.env_logger:warning:25 - robot0 is collided at state [np.float64(13.22), np.float64(10.38)]
2024-06-22 01:38:47.749 | WARNING  | ir_sim.env.env_logger:warning:25 - robot0 roll back state
2024-06-22 01:38:47.847 | WARNING  | ir_sim.env.env_logger:warning:25 - robot0 is collided at state [np.float64(13.22), np.float64(10.38)]
2024-06-22 01:38:47.848 | WARNING  | ir_sim.env.env_logger:warning:25 - robot0 roll back state
2024-06-22 01:38:47.945 | WARNING  | ir_sim.env.env_logger:warning:25 - robot0 is collided at state [np.float64(13.22), np.float64(10.38)]
2024-06-22 01:38:47.945 | WARNING  | ir_sim.env.env_logger:warning:25 - robot0 roll back state
2024-06-22 01:38:48.049 | WARNING  | ir_sim.env.env_logger:warning:25 - robot0 is collided at state [np.float64(13.22), np.float64(10.38)]
2024-06-22 01:38:48.049 | WARNING  | ir_sim.env.env_logger:warning:25 - robot0 roll back state
2024-06-22 01:38:48.139 | WARNING  | ir_sim.env.env_logger:warning:25 - robot0 is collided at state [np.float64(13.22), np.float64(10.38)]
2024-06-22 01:38:48.139 | WARNING  | ir_sim.env.env_logger:warning:25 - robot0 roll back state
2024-06-22 01:38:48.225 | WARNING  | ir_sim.env.env_logger:warning:25 - robot0 is collided at state [np.float64(13.22), np.float64(10.38)]
2024-06-22 01:38:48.225 | WARNING  | ir_sim.env.env_logger:warning:25 - robot0 roll back state
2024-06-22 01:38:48.312 | WARNING  | ir_sim.env.env_logger:warning:25 - robot0 is collided at state [np.float64(13.22), np.float64(10.38)]
2024-06-22 01:38:48.312 | WARNING  | ir_sim.env.env_logger:warning:25 - robot0 roll back state
2024-06-22 01:38:48.400 | WARNING  | ir_sim.env.env_logger:warning:25 - robot0 is collided at state [np.float64(13.22), np.float64(10.38)]
2024-06-22 01:38:48.400 | WARNING  | ir_sim.env.env_logger:warning:25 - robot0 roll back state
2024-06-22 01:38:50.483 | WARNING  | ir_sim.env.env_logger:warning:25 - robot0 is collided at state [np.float64(13.32), np.float64(10.59)]
2024-06-22 01:38:50.484 | WARNING  | ir_sim.env.env_logger:warning:25 - robot0 roll back state
2024-06-22 01:38:50.569 | WARNING  | ir_sim.env.env_logger:warning:25 - robot0 is collided at state [np.float64(13.32), np.float64(10.59)]
2024-06-22 01:38:50.570 | WARNING  | ir_sim.env.env_logger:warning:25 - robot0 roll back state
2024-06-22 01:38:50.661 | WARNING  | ir_sim.env.env_logger:warning:25 - robot0 is collided at state [np.float64(13.32), np.float64(10.59)]
2024-06-22 01:38:50.661 | WARNING  | ir_sim.env.env_logger:warning:25 - robot0 roll back state
2024-06-22 01:38:50.749 | WARNING  | ir_sim.env.env_logger:warning:25 - robot0 is collided at state [np.float64(13.32), np.float64(10.59)]
2024-06-22 01:38:50.749 | WARNING  | ir_sim.env.env_logger:warning:25 - robot0 roll back state
2024-06-22 01:38:50.847 | WARNING  | ir_sim.env.env_logger:warning:25 - robot0 is collided at state [np.float64(13.32), np.float64(10.59)]
2024-06-22 01:38:50.847 | WARNING  | ir_sim.env.env_logger:warning:25 - robot0 roll back state
2024-06-22 01:38:50.943 | WARNING  | ir_sim.env.env_logger:warning:25 - robot0 is collided at state [np.float64(13.32), np.float64(10.59)]
2024-06-22 01:38:50.943 | WARNING  | ir_sim.env.env_logger:warning:25 - robot0 roll back state
2024-06-22 01:38:51.030 | WARNING  | ir_sim.env.env_logger:warning:25 - robot0 is collided at state [np.float64(13.32), np.float64(10.59)]
2024-06-22 01:38:51.030 | WARNING  | ir_sim.env.env_logger:warning:25 - robot0 roll back state
2024-06-22 01:38:54.436 | WARNING  | ir_sim.env.env_logger:warning:25 - robot0 is collided at state [np.float64(14.18), np.float64(15.53)]
2024-06-22 01:38:54.437 | WARNING  | ir_sim.env.env_logger:warning:25 - robot0 roll back state
2024-06-22 01:38:54.525 | WARNING  | ir_sim.env.env_logger:warning:25 - robot0 is collided at state [np.float64(14.18), np.float64(15.53)]
2024-06-22 01:38:54.525 | WARNING  | ir_sim.env.env_logger:warning:25 - robot0 roll back state
2024-06-22 01:38:54.611 | WARNING  | ir_sim.env.env_logger:warning:25 - robot0 is collided at state [np.float64(14.18), np.float64(15.53)]
2024-06-22 01:38:54.611 | WARNING  | ir_sim.env.env_logger:warning:25 - robot0 roll back state
2024-06-22 01:38:54.697 | WARNING  | ir_sim.env.env_logger:warning:25 - robot0 is collided at state [np.float64(14.18), np.float64(15.53)]
2024-06-22 01:38:54.698 | WARNING  | ir_sim.env.env_logger:warning:25 - robot0 roll back state
2024-06-22 01:38:54.786 | WARNING  | ir_sim.env.env_logger:warning:25 - robot0 is collided at state [np.float64(14.18), np.float64(15.53)]
2024-06-22 01:38:54.787 | WARNING  | ir_sim.env.env_logger:warning:25 - robot0 roll back state
2024-06-22 01:38:54.881 | WARNING  | ir_sim.env.env_logger:warning:25 - robot0 is collided at state [np.float64(14.18), np.float64(15.53)]
2024-06-22 01:38:54.881 | WARNING  | ir_sim.env.env_logger:warning:25 - robot0 roll back state
2024-06-22 01:38:54.977 | WARNING  | ir_sim.env.env_logger:warning:25 - robot0 is collided at state [np.float64(14.18), np.float64(15.53)]
2024-06-22 01:38:54.977 | WARNING  | ir_sim.env.env_logger:warning:25 - robot0 roll back state
2024-06-22 01:38:55.064 | WARNING  | ir_sim.env.env_logger:warning:25 - robot0 is collided at state [np.float64(14.18), np.float64(15.53)]
2024-06-22 01:38:55.064 | WARNING  | ir_sim.env.env_logger:warning:25 - robot0 roll back state
2024-06-22 01:38:55.152 | WARNING  | ir_sim.env.env_logger:warning:25 - robot0 is collided at state [np.float64(14.18), np.float64(15.53)]
2024-06-22 01:38:55.153 | WARNING  | ir_sim.env.env_logger:warning:25 - robot0 roll back state
2024-06-22 01:38:55.240 | WARNING  | ir_sim.env.env_logger:warning:25 - robot0 is collided at state [np.float64(14.18), np.float64(15.53)]
2024-06-22 01:38:55.240 | WARNING  | ir_sim.env.env_logger:warning:25 - robot0 roll back state
2024-06-22 01:38:55.335 | WARNING  | ir_sim.env.env_logger:warning:25 - robot0 is collided at state [np.float64(14.18), np.float64(15.53)]
2024-06-22 01:38:55.335 | WARNING  | ir_sim.env.env_logger:warning:25 - robot0 roll back state
2024-06-22 01:38:55.427 | WARNING  | ir_sim.env.env_logger:warning:25 - robot0 is collided at state [np.float64(14.18), np.float64(15.53)]
2024-06-22 01:38:55.427 | WARNING  | ir_sim.env.env_logger:warning:25 - robot0 roll back state
2024-06-22 01:38:55.955 | WARNING  | ir_sim.env.env_logger:warning:25 - robot0 is collided at state [np.float64(13.61), np.float64(15.36)]
2024-06-22 01:38:55.955 | WARNING  | ir_sim.env.env_logger:warning:25 - robot0 roll back state
2024-06-22 01:38:56.043 | WARNING  | ir_sim.env.env_logger:warning:25 - robot0 is collided at state [np.float64(13.61), np.float64(15.36)]
2024-06-22 01:38:56.044 | WARNING  | ir_sim.env.env_logger:warning:25 - robot0 roll back state
2024-06-22 01:38:56.130 | WARNING  | ir_sim.env.env_logger:warning:25 - robot0 is collided at state [np.float64(13.61), np.float64(15.36)]
2024-06-22 01:38:56.130 | WARNING  | ir_sim.env.env_logger:warning:25 - robot0 roll back state
2024-06-22 01:38:56.216 | WARNING  | ir_sim.env.env_logger:warning:25 - robot0 is collided at state [np.float64(13.61), np.float64(15.36)]
2024-06-22 01:38:56.217 | WARNING  | ir_sim.env.env_logger:warning:25 - robot0 roll back state
2024-06-22 01:38:56.311 | WARNING  | ir_sim.env.env_logger:warning:25 - robot0 is collided at state [np.float64(13.61), np.float64(15.36)]
2024-06-22 01:38:56.311 | WARNING  | ir_sim.env.env_logger:warning:25 - robot0 roll back state
2024-06-22 01:38:57.875 | WARNING  | ir_sim.env.env_logger:warning:25 - robot0 is collided at state [np.float64(15.97), np.float64(19.15)]
2024-06-22 01:38:57.876 | WARNING  | ir_sim.env.env_logger:warning:25 - robot0 roll back state
2024-06-22 01:38:57.964 | WARNING  | ir_sim.env.env_logger:warning:25 - robot0 is collided at state [np.float64(15.97), np.float64(19.15)]
2024-06-22 01:38:57.964 | WARNING  | ir_sim.env.env_logger:warning:25 - robot0 roll back state
2024-06-22 01:38:58.051 | WARNING  | ir_sim.env.env_logger:warning:25 - robot0 is collided at state [np.float64(15.97), np.float64(19.15)]
2024-06-22 01:38:58.051 | WARNING  | ir_sim.env.env_logger:warning:25 - robot0 roll back state
2024-06-22 01:38:58.141 | WARNING  | ir_sim.env.env_logger:warning:25 - robot0 is collided at state [np.float64(15.97), np.float64(19.15)]
2024-06-22 01:38:58.141 | WARNING  | ir_sim.env.env_logger:warning:25 - robot0 roll back state
2024-06-22 01:38:58.227 | WARNING  | ir_sim.env.env_logger:warning:25 - robot0 is collided at state [np.float64(15.97), np.float64(19.15)]
2024-06-22 01:38:58.228 | WARNING  | ir_sim.env.env_logger:warning:25 - robot0 roll back state
2024-06-22 01:38:58.318 | WARNING  | ir_sim.env.env_logger:warning:25 - robot0 is collided at state [np.float64(15.97), np.float64(19.15)]
2024-06-22 01:38:58.318 | WARNING  | ir_sim.env.env_logger:warning:25 - robot0 roll back state
2024-06-22 01:38:58.404 | WARNING  | ir_sim.env.env_logger:warning:25 - robot0 is collided at state [np.float64(15.97), np.float64(19.15)]
2024-06-22 01:38:58.404 | WARNING  | ir_sim.env.env_logger:warning:25 - robot0 roll back state
2024-06-22 01:38:58.492 | WARNING  | ir_sim.env.env_logger:warning:25 - robot0 is collided at state [np.float64(15.97), np.float64(19.15)]
2024-06-22 01:38:58.493 | WARNING  | ir_sim.env.env_logger:warning:25 - robot0 roll back state
2024-06-22 01:38:58.579 | WARNING  | ir_sim.env.env_logger:warning:25 - robot0 is collided at state [np.float64(15.97), np.float64(19.15)]
2024-06-22 01:38:58.580 | WARNING  | ir_sim.env.env_logger:warning:25 - robot0 roll back state
2024-06-22 01:38:58.664 | WARNING  | ir_sim.env.env_logger:warning:25 - robot0 is collided at state [np.float64(15.97), np.float64(19.15)]
2024-06-22 01:38:58.664 | WARNING  | ir_sim.env.env_logger:warning:25 - robot0 roll back state
2024-06-22 01:38:58.751 | WARNING  | ir_sim.env.env_logger:warning:25 - robot0 is collided at state [np.float64(15.97), np.float64(19.15)]
2024-06-22 01:38:58.751 | WARNING  | ir_sim.env.env_logger:warning:25 - robot0 roll back state
2024-06-22 01:38:58.841 | WARNING  | ir_sim.env.env_logger:warning:25 - robot0 is collided at state [np.float64(15.97), np.float64(19.15)]
2024-06-22 01:38:58.841 | WARNING  | ir_sim.env.env_logger:warning:25 - robot0 roll back state
2024-06-22 01:38:58.927 | WARNING  | ir_sim.env.env_logger:warning:25 - robot0 is collided at state [np.float64(15.97), np.float64(19.15)]
2024-06-22 01:38:58.928 | WARNING  | ir_sim.env.env_logger:warning:25 - robot0 roll back state
2024-06-22 01:38:59.013 | WARNING  | ir_sim.env.env_logger:warning:25 - robot0 is collided at state [np.float64(15.97), np.float64(19.15)]
2024-06-22 01:38:59.013 | WARNING  | ir_sim.env.env_logger:warning:25 - robot0 roll back state
2024-06-22 01:38:59.099 | WARNING  | ir_sim.env.env_logger:warning:25 - robot0 is collided at state [np.float64(15.97), np.float64(19.15)]
2024-06-22 01:38:59.099 | WARNING  | ir_sim.env.env_logger:warning:25 - robot0 roll back state
2024-06-22 01:38:59.184 | WARNING  | ir_sim.env.env_logger:warning:25 - robot0 is collided at state [np.float64(15.97), np.float64(19.15)]
2024-06-22 01:38:59.185 | WARNING  | ir_sim.env.env_logger:warning:25 - robot0 roll back state
2024-06-22 01:38:59.273 | WARNING  | ir_sim.env.env_logger:warning:25 - robot0 is collided at state [np.float64(15.97), np.float64(19.15)]
2024-06-22 01:38:59.274 | WARNING  | ir_sim.env.env_logger:warning:25 - robot0 roll back state
2024-06-22 01:39:02.539 | WARNING  | ir_sim.env.env_logger:warning:25 - robot0 is collided at state [np.float64(16.73), np.float64(25.64)]
2024-06-22 01:39:02.539 | WARNING  | ir_sim.env.env_logger:warning:25 - robot0 roll back state
2024-06-22 01:39:02.626 | WARNING  | ir_sim.env.env_logger:warning:25 - robot0 is collided at state [np.float64(16.73), np.float64(25.64)]
2024-06-22 01:39:02.626 | WARNING  | ir_sim.env.env_logger:warning:25 - robot0 roll back state
2024-06-22 01:39:02.715 | WARNING  | ir_sim.env.env_logger:warning:25 - robot0 is collided at state [np.float64(16.73), np.float64(25.64)]
2024-06-22 01:39:02.715 | WARNING  | ir_sim.env.env_logger:warning:25 - robot0 roll back state
2024-06-22 01:39:02.800 | WARNING  | ir_sim.env.env_logger:warning:25 - robot0 is collided at state [np.float64(16.73), np.float64(25.64)]
2024-06-22 01:39:02.800 | WARNING  | ir_sim.env.env_logger:warning:25 - robot0 roll back state
2024-06-22 01:39:02.888 | WARNING  | ir_sim.env.env_logger:warning:25 - robot0 is collided at state [np.float64(16.73), np.float64(25.64)]
2024-06-22 01:39:02.888 | WARNING  | ir_sim.env.env_logger:warning:25 - robot0 roll back state
2024-06-22 01:39:02.977 | WARNING  | ir_sim.env.env_logger:warning:25 - robot0 is collided at state [np.float64(16.73), np.float64(25.64)]
2024-06-22 01:39:02.977 | WARNING  | ir_sim.env.env_logger:warning:25 - robot0 roll back state
2024-06-22 01:39:03.064 | WARNING  | ir_sim.env.env_logger:warning:25 - robot0 is collided at state [np.float64(16.73), np.float64(25.64)]
2024-06-22 01:39:03.064 | WARNING  | ir_sim.env.env_logger:warning:25 - robot0 roll back state
2024-06-22 01:39:03.151 | WARNING  | ir_sim.env.env_logger:warning:25 - robot0 is collided at state [np.float64(16.73), np.float64(25.64)]
2024-06-22 01:39:03.151 | WARNING  | ir_sim.env.env_logger:warning:25 - robot0 roll back state
2024-06-22 01:39:03.238 | WARNING  | ir_sim.env.env_logger:warning:25 - robot0 is collided at state [np.float64(16.73), np.float64(25.64)]
2024-06-22 01:39:03.239 | WARNING  | ir_sim.env.env_logger:warning:25 - robot0 roll back state
2024-06-22 01:39:03.324 | WARNING  | ir_sim.env.env_logger:warning:25 - robot0 is collided at state [np.float64(16.73), np.float64(25.64)]
2024-06-22 01:39:03.324 | WARNING  | ir_sim.env.env_logger:warning:25 - robot0 roll back state
2024-06-22 01:39:03.410 | WARNING  | ir_sim.env.env_logger:warning:25 - robot0 is collided at state [np.float64(16.73), np.float64(25.64)]
2024-06-22 01:39:03.410 | WARNING  | ir_sim.env.env_logger:warning:25 - robot0 roll back state
2024-06-22 01:39:03.497 | WARNING  | ir_sim.env.env_logger:warning:25 - robot0 is collided at state [np.float64(16.73), np.float64(25.64)]
2024-06-22 01:39:03.497 | WARNING  | ir_sim.env.env_logger:warning:25 - robot0 roll back state
2024-06-22 01:39:03.584 | WARNING  | ir_sim.env.env_logger:warning:25 - robot0 is collided at state [np.float64(16.73), np.float64(25.64)]
2024-06-22 01:39:03.584 | WARNING  | ir_sim.env.env_logger:warning:25 - robot0 roll back state
2024-06-22 01:39:03.670 | WARNING  | ir_sim.env.env_logger:warning:25 - robot0 is collided at state [np.float64(16.73), np.float64(25.64)]
2024-06-22 01:39:03.670 | WARNING  | ir_sim.env.env_logger:warning:25 - robot0 roll back state
2024-06-22 01:39:03.757 | WARNING  | ir_sim.env.env_logger:warning:25 - robot0 is collided at state [np.float64(16.73), np.float64(25.64)]
2024-06-22 01:39:03.757 | WARNING  | ir_sim.env.env_logger:warning:25 - robot0 roll back state
2024-06-22 01:39:03.841 | WARNING  | ir_sim.env.env_logger:warning:25 - robot0 is collided at state [np.float64(16.73), np.float64(25.64)]
2024-06-22 01:39:03.842 | WARNING  | ir_sim.env.env_logger:warning:25 - robot0 roll back state
2024-06-22 01:39:03.927 | WARNING  | ir_sim.env.env_logger:warning:25 - robot0 is collided at state [np.float64(16.73), np.float64(25.64)]
2024-06-22 01:39:03.927 | WARNING  | ir_sim.env.env_logger:warning:25 - robot0 roll back state
2024-06-22 01:39:04.011 | WARNING  | ir_sim.env.env_logger:warning:25 - robot0 is collided at state [np.float64(16.73), np.float64(25.64)]
2024-06-22 01:39:04.011 | WARNING  | ir_sim.env.env_logger:warning:25 - robot0 roll back state
2024-06-22 01:39:04.097 | WARNING  | ir_sim.env.env_logger:warning:25 - robot0 is collided at state [np.float64(16.73), np.float64(25.64)]
2024-06-22 01:39:04.097 | WARNING  | ir_sim.env.env_logger:warning:25 - robot0 roll back state
2024-06-22 01:39:04.182 | WARNING  | ir_sim.env.env_logger:warning:25 - robot0 is collided at state [np.float64(16.73), np.float64(25.64)]
2024-06-22 01:39:04.182 | WARNING  | ir_sim.env.env_logger:warning:25 - robot0 roll back state
2024-06-22 01:39:06.636 | WARNING  | ir_sim.env.env_logger:warning:25 - robot0 is collided at state [np.float64(19.19), np.float64(25.11)]
2024-06-22 01:39:06.636 | WARNING  | ir_sim.env.env_logger:warning:25 - robot0 roll back state
2024-06-22 01:39:06.722 | WARNING  | ir_sim.env.env_logger:warning:25 - robot0 is collided at state [np.float64(19.19), np.float64(25.11)]
2024-06-22 01:39:06.722 | WARNING  | ir_sim.env.env_logger:warning:25 - robot0 roll back state
2024-06-22 01:39:06.808 | WARNING  | ir_sim.env.env_logger:warning:25 - robot0 is collided at state [np.float64(19.19), np.float64(25.11)]
2024-06-22 01:39:06.808 | WARNING  | ir_sim.env.env_logger:warning:25 - robot0 roll back state
2024-06-22 01:39:06.893 | WARNING  | ir_sim.env.env_logger:warning:25 - robot0 is collided at state [np.float64(19.19), np.float64(25.11)]
2024-06-22 01:39:06.894 | WARNING  | ir_sim.env.env_logger:warning:25 - robot0 roll back state
2024-06-22 01:39:06.979 | WARNING  | ir_sim.env.env_logger:warning:25 - robot0 is collided at state [np.float64(19.19), np.float64(25.11)]
2024-06-22 01:39:06.979 | WARNING  | ir_sim.env.env_logger:warning:25 - robot0 roll back state
2024-06-22 01:39:07.073 | WARNING  | ir_sim.env.env_logger:warning:25 - robot0 is collided at state [np.float64(19.19), np.float64(25.11)]
2024-06-22 01:39:07.074 | WARNING  | ir_sim.env.env_logger:warning:25 - robot0 roll back state
2024-06-22 01:39:07.167 | WARNING  | ir_sim.env.env_logger:warning:25 - robot0 is collided at state [np.float64(19.19), np.float64(25.11)]
2024-06-22 01:39:07.168 | WARNING  | ir_sim.env.env_logger:warning:25 - robot0 roll back state
2024-06-22 01:39:07.254 | WARNING  | ir_sim.env.env_logger:warning:25 - robot0 is collided at state [np.float64(19.19), np.float64(25.11)]
2024-06-22 01:39:07.255 | WARNING  | ir_sim.env.env_logger:warning:25 - robot0 roll back state
2024-06-22 01:39:07.342 | WARNING  | ir_sim.env.env_logger:warning:25 - robot0 is collided at state [np.float64(19.19), np.float64(25.11)]
2024-06-22 01:39:07.342 | WARNING  | ir_sim.env.env_logger:warning:25 - robot0 roll back state
2024-06-22 01:39:07.430 | WARNING  | ir_sim.env.env_logger:warning:25 - robot0 is collided at state [np.float64(19.19), np.float64(25.11)]
2024-06-22 01:39:07.430 | WARNING  | ir_sim.env.env_logger:warning:25 - robot0 roll back state
2024-06-22 01:39:07.520 | WARNING  | ir_sim.env.env_logger:warning:25 - robot0 is collided at state [np.float64(19.19), np.float64(25.11)]
2024-06-22 01:39:07.520 | WARNING  | ir_sim.env.env_logger:warning:25 - robot0 roll back state
2024-06-22 01:39:11.904 | WARNING  | ir_sim.env.env_logger:warning:25 - robot0 is collided at state [np.float64(27.22), np.float64(19.88)]
2024-06-22 01:39:11.904 | WARNING  | ir_sim.env.env_logger:warning:25 - robot0 roll back state
2024-06-22 01:39:11.991 | WARNING  | ir_sim.env.env_logger:warning:25 - robot0 is collided at state [np.float64(27.22), np.float64(19.88)]
2024-06-22 01:39:11.991 | WARNING  | ir_sim.env.env_logger:warning:25 - robot0 roll back state
2024-06-22 01:39:12.077 | WARNING  | ir_sim.env.env_logger:warning:25 - robot0 is collided at state [np.float64(27.22), np.float64(19.88)]
2024-06-22 01:39:12.078 | WARNING  | ir_sim.env.env_logger:warning:25 - robot0 roll back state
2024-06-22 01:39:12.165 | WARNING  | ir_sim.env.env_logger:warning:25 - robot0 is collided at state [np.float64(27.22), np.float64(19.88)]
2024-06-22 01:39:12.165 | WARNING  | ir_sim.env.env_logger:warning:25 - robot0 roll back state
2024-06-22 01:39:12.252 | WARNING  | ir_sim.env.env_logger:warning:25 - robot0 is collided at state [np.float64(27.22), np.float64(19.88)]
2024-06-22 01:39:12.253 | WARNING  | ir_sim.env.env_logger:warning:25 - robot0 roll back state
2024-06-22 01:39:12.339 | WARNING  | ir_sim.env.env_logger:warning:25 - robot0 is collided at state [np.float64(27.22), np.float64(19.88)]
2024-06-22 01:39:12.339 | WARNING  | ir_sim.env.env_logger:warning:25 - robot0 roll back state
2024-06-22 01:39:12.425 | WARNING  | ir_sim.env.env_logger:warning:25 - robot0 is collided at state [np.float64(27.22), np.float64(19.88)]
2024-06-22 01:39:12.425 | WARNING  | ir_sim.env.env_logger:warning:25 - robot0 roll back state
2024-06-22 01:39:12.514 | WARNING  | ir_sim.env.env_logger:warning:25 - robot0 is collided at state [np.float64(27.22), np.float64(19.88)]
2024-06-22 01:39:12.514 | WARNING  | ir_sim.env.env_logger:warning:25 - robot0 roll back state
2024-06-22 01:39:13.210 | WARNING  | ir_sim.env.env_logger:warning:25 - robot0 is collided at state [np.float64(27.22), np.float64(19.88)]
2024-06-22 01:39:13.211 | WARNING  | ir_sim.env.env_logger:warning:25 - robot0 roll back state
2024-06-22 01:39:13.298 | WARNING  | ir_sim.env.env_logger:warning:25 - robot0 is collided at state [np.float64(27.22), np.float64(19.88)]
2024-06-22 01:39:13.298 | WARNING  | ir_sim.env.env_logger:warning:25 - robot0 roll back state
2024-06-22 01:39:13.384 | WARNING  | ir_sim.env.env_logger:warning:25 - robot0 is collided at state [np.float64(27.22), np.float64(19.88)]
2024-06-22 01:39:13.384 | WARNING  | ir_sim.env.env_logger:warning:25 - robot0 roll back state
2024-06-22 01:39:13.471 | WARNING  | ir_sim.env.env_logger:warning:25 - robot0 is collided at state [np.float64(27.22), np.float64(19.88)]
2024-06-22 01:39:13.472 | WARNING  | ir_sim.env.env_logger:warning:25 - robot0 roll back state
2024-06-22 01:39:13.558 | WARNING  | ir_sim.env.env_logger:warning:25 - robot0 is collided at state [np.float64(27.22), np.float64(19.88)]
2024-06-22 01:39:13.558 | WARNING  | ir_sim.env.env_logger:warning:25 - robot0 roll back state
2024-06-22 01:39:13.661 | WARNING  | ir_sim.env.env_logger:warning:25 - robot0 is collided at state [np.float64(27.22), np.float64(19.88)]
2024-06-22 01:39:13.661 | WARNING  | ir_sim.env.env_logger:warning:25 - robot0 roll back state
2024-06-22 01:39:13.766 | WARNING  | ir_sim.env.env_logger:warning:25 - robot0 is collided at state [np.float64(27.22), np.float64(19.88)]
2024-06-22 01:39:13.766 | WARNING  | ir_sim.env.env_logger:warning:25 - robot0 roll back state
2024-06-22 01:39:13.854 | WARNING  | ir_sim.env.env_logger:warning:25 - robot0 is collided at state [np.float64(27.22), np.float64(19.88)]
2024-06-22 01:39:13.855 | WARNING  | ir_sim.env.env_logger:warning:25 - robot0 roll back state
2024-06-22 01:39:13.942 | WARNING  | ir_sim.env.env_logger:warning:25 - robot0 is collided at state [np.float64(27.22), np.float64(19.88)]
2024-06-22 01:39:13.942 | WARNING  | ir_sim.env.env_logger:warning:25 - robot0 roll back state
2024-06-22 01:39:14.030 | WARNING  | ir_sim.env.env_logger:warning:25 - robot0 is collided at state [np.float64(27.22), np.float64(19.88)]
2024-06-22 01:39:14.030 | WARNING  | ir_sim.env.env_logger:warning:25 - robot0 roll back state
2024-06-22 01:39:14.117 | WARNING  | ir_sim.env.env_logger:warning:25 - robot0 is collided at state [np.float64(27.22), np.float64(19.88)]
2024-06-22 01:39:14.117 | WARNING  | ir_sim.env.env_logger:warning:25 - robot0 roll back state
2024-06-22 01:39:14.205 | WARNING  | ir_sim.env.env_logger:warning:25 - robot0 is collided at state [np.float64(27.22), np.float64(19.88)]
2024-06-22 01:39:14.206 | WARNING  | ir_sim.env.env_logger:warning:25 - robot0 roll back state
2024-06-22 01:39:14.293 | WARNING  | ir_sim.env.env_logger:warning:25 - robot0 is collided at state [np.float64(27.22), np.float64(19.88)]
2024-06-22 01:39:14.294 | WARNING  | ir_sim.env.env_logger:warning:25 - robot0 roll back state
2024-06-22 01:39:14.382 | WARNING  | ir_sim.env.env_logger:warning:25 - robot0 is collided at state [np.float64(27.22), np.float64(19.88)]
2024-06-22 01:39:14.382 | WARNING  | ir_sim.env.env_logger:warning:25 - robot0 roll back state
2024-06-22 01:39:14.469 | WARNING  | ir_sim.env.env_logger:warning:25 - robot0 is collided at state [np.float64(27.22), np.float64(19.88)]
2024-06-22 01:39:14.470 | WARNING  | ir_sim.env.env_logger:warning:25 - robot0 roll back state
2024-06-22 01:39:14.557 | WARNING  | ir_sim.env.env_logger:warning:25 - robot0 is collided at state [np.float64(27.22), np.float64(19.88)]
2024-06-22 01:39:14.557 | WARNING  | ir_sim.env.env_logger:warning:25 - robot0 roll back state
2024-06-22 01:39:14.647 | WARNING  | ir_sim.env.env_logger:warning:25 - robot0 is collided at state [np.float64(27.22), np.float64(19.88)]
2024-06-22 01:39:14.648 | WARNING  | ir_sim.env.env_logger:warning:25 - robot0 roll back state
2024-06-22 01:39:14.735 | WARNING  | ir_sim.env.env_logger:warning:25 - robot0 is collided at state [np.float64(27.22), np.float64(19.88)]
2024-06-22 01:39:14.735 | WARNING  | ir_sim.env.env_logger:warning:25 - robot0 roll back state
2024-06-22 01:39:14.825 | WARNING  | ir_sim.env.env_logger:warning:25 - robot0 is collided at state [np.float64(27.22), np.float64(19.88)]
2024-06-22 01:39:14.825 | WARNING  | ir_sim.env.env_logger:warning:25 - robot0 roll back state
2024-06-22 01:39:14.912 | WARNING  | ir_sim.env.env_logger:warning:25 - robot0 is collided at state [np.float64(27.22), np.float64(19.88)]
2024-06-22 01:39:14.912 | WARNING  | ir_sim.env.env_logger:warning:25 - robot0 roll back state
2024-06-22 01:39:14.998 | WARNING  | ir_sim.env.env_logger:warning:25 - robot0 is collided at state [np.float64(27.22), np.float64(19.88)]
2024-06-22 01:39:14.999 | WARNING  | ir_sim.env.env_logger:warning:25 - robot0 roll back state
2024-06-22 01:39:15.086 | WARNING  | ir_sim.env.env_logger:warning:25 - robot0 is collided at state [np.float64(27.22), np.float64(19.88)]
2024-06-22 01:39:15.086 | WARNING  | ir_sim.env.env_logger:warning:25 - robot0 roll back state
2024-06-22 01:39:15.172 | WARNING  | ir_sim.env.env_logger:warning:25 - robot0 is collided at state [np.float64(27.22), np.float64(19.88)]
2024-06-22 01:39:15.172 | WARNING  | ir_sim.env.env_logger:warning:25 - robot0 roll back state
2024-06-22 01:39:15.264 | WARNING  | ir_sim.env.env_logger:warning:25 - robot0 is collided at state [np.float64(27.22), np.float64(19.88)]
2024-06-22 01:39:15.264 | WARNING  | ir_sim.env.env_logger:warning:25 - robot0 roll back state
2024-06-22 01:39:15.353 | WARNING  | ir_sim.env.env_logger:warning:25 - robot0 is collided at state [np.float64(27.22), np.float64(19.88)]
2024-06-22 01:39:15.353 | WARNING  | ir_sim.env.env_logger:warning:25 - robot0 roll back state
2024-06-22 01:39:18.566 | WARNING  | ir_sim.env.env_logger:warning:25 - robot0 is collided at state [np.float64(24.36), np.float64(17.49)]
2024-06-22 01:39:18.567 | WARNING  | ir_sim.env.env_logger:warning:25 - robot0 roll back state
2024-06-22 01:39:18.653 | WARNING  | ir_sim.env.env_logger:warning:25 - robot0 is collided at state [np.float64(24.36), np.float64(17.49)]
2024-06-22 01:39:18.654 | WARNING  | ir_sim.env.env_logger:warning:25 - robot0 roll back state
2024-06-22 01:39:18.740 | WARNING  | ir_sim.env.env_logger:warning:25 - robot0 is collided at state [np.float64(24.36), np.float64(17.49)]
2024-06-22 01:39:18.740 | WARNING  | ir_sim.env.env_logger:warning:25 - robot0 roll back state
2024-06-22 01:39:18.828 | WARNING  | ir_sim.env.env_logger:warning:25 - robot0 is collided at state [np.float64(24.36), np.float64(17.49)]
2024-06-22 01:39:18.828 | WARNING  | ir_sim.env.env_logger:warning:25 - robot0 roll back state
2024-06-22 01:39:18.920 | WARNING  | ir_sim.env.env_logger:warning:25 - robot0 is collided at state [np.float64(24.36), np.float64(17.49)]
2024-06-22 01:39:18.920 | WARNING  | ir_sim.env.env_logger:warning:25 - robot0 roll back state
2024-06-22 01:39:19.006 | WARNING  | ir_sim.env.env_logger:warning:25 - robot0 is collided at state [np.float64(24.36), np.float64(17.49)]
2024-06-22 01:39:19.006 | WARNING  | ir_sim.env.env_logger:warning:25 - robot0 roll back state
2024-06-22 01:39:19.105 | WARNING  | ir_sim.env.env_logger:warning:25 - robot0 is collided at state [np.float64(24.36), np.float64(17.49)]
2024-06-22 01:39:19.105 | WARNING  | ir_sim.env.env_logger:warning:25 - robot0 roll back state
2024-06-22 01:39:19.192 | WARNING  | ir_sim.env.env_logger:warning:25 - robot0 is collided at state [np.float64(24.36), np.float64(17.49)]
2024-06-22 01:39:19.192 | WARNING  | ir_sim.env.env_logger:warning:25 - robot0 roll back state
2024-06-22 01:40:35.742 | WARNING  | ir_sim.env.env_logger:warning:25 - robot0 is collided at state [np.float64(7.3), np.float64(12.68)]
2024-06-22 01:40:35.742 | WARNING  | ir_sim.env.env_logger:warning:25 - robot0 roll back state
2024-06-22 01:40:35.828 | WARNING  | ir_sim.env.env_logger:warning:25 - robot0 is collided at state [np.float64(7.3), np.float64(12.68)]
2024-06-22 01:40:35.829 | WARNING  | ir_sim.env.env_logger:warning:25 - robot0 roll back state
2024-06-22 01:40:35.915 | WARNING  | ir_sim.env.env_logger:warning:25 - robot0 is collided at state [np.float64(7.3), np.float64(12.68)]
2024-06-22 01:40:35.915 | WARNING  | ir_sim.env.env_logger:warning:25 - robot0 roll back state
2024-06-22 01:40:36.004 | WARNING  | ir_sim.env.env_logger:warning:25 - robot0 is collided at state [np.float64(7.3), np.float64(12.68)]
2024-06-22 01:40:36.004 | WARNING  | ir_sim.env.env_logger:warning:25 - robot0 roll back state
2024-06-22 01:40:36.091 | WARNING  | ir_sim.env.env_logger:warning:25 - robot0 is collided at state [np.float64(7.3), np.float64(12.68)]
2024-06-22 01:40:36.091 | WARNING  | ir_sim.env.env_logger:warning:25 - robot0 roll back state
2024-06-22 01:40:36.177 | WARNING  | ir_sim.env.env_logger:warning:25 - robot0 is collided at state [np.float64(7.3), np.float64(12.68)]
2024-06-22 01:40:36.177 | WARNING  | ir_sim.env.env_logger:warning:25 - robot0 roll back state
2024-06-22 01:40:36.262 | WARNING  | ir_sim.env.env_logger:warning:25 - robot0 is collided at state [np.float64(7.3), np.float64(12.68)]
2024-06-22 01:40:36.263 | WARNING  | ir_sim.env.env_logger:warning:25 - robot0 roll back state
2024-06-22 01:40:36.349 | WARNING  | ir_sim.env.env_logger:warning:25 - robot0 is collided at state [np.float64(7.3), np.float64(12.68)]
2024-06-22 01:40:36.349 | WARNING  | ir_sim.env.env_logger:warning:25 - robot0 roll back state
2024-06-22 01:40:36.435 | WARNING  | ir_sim.env.env_logger:warning:25 - robot0 is collided at state [np.float64(7.3), np.float64(12.68)]
2024-06-22 01:40:36.435 | WARNING  | ir_sim.env.env_logger:warning:25 - robot0 roll back state
2024-06-22 01:40:36.521 | WARNING  | ir_sim.env.env_logger:warning:25 - robot0 is collided at state [np.float64(7.3), np.float64(12.68)]
2024-06-22 01:40:36.521 | WARNING  | ir_sim.env.env_logger:warning:25 - robot0 roll back state
2024-06-22 01:40:39.811 | WARNING  | ir_sim.env.env_logger:warning:25 - robot0 is collided at state [np.float64(3.91), np.float64(15.81)]
2024-06-22 01:40:39.811 | WARNING  | ir_sim.env.env_logger:warning:25 - robot0 roll back state
2024-06-22 01:40:39.896 | WARNING  | ir_sim.env.env_logger:warning:25 - robot0 is collided at state [np.float64(3.91), np.float64(15.81)]
2024-06-22 01:40:39.896 | WARNING  | ir_sim.env.env_logger:warning:25 - robot0 roll back state
2024-06-22 01:40:39.986 | WARNING  | ir_sim.env.env_logger:warning:25 - robot0 is collided at state [np.float64(3.91), np.float64(15.81)]
2024-06-22 01:40:39.986 | WARNING  | ir_sim.env.env_logger:warning:25 - robot0 roll back state
2024-06-22 01:40:40.071 | WARNING  | ir_sim.env.env_logger:warning:25 - robot0 is collided at state [np.float64(3.91), np.float64(15.81)]
2024-06-22 01:40:40.072 | WARNING  | ir_sim.env.env_logger:warning:25 - robot0 roll back state
2024-06-22 01:40:40.161 | WARNING  | ir_sim.env.env_logger:warning:25 - robot0 is collided at state [np.float64(3.91), np.float64(15.81)]
2024-06-22 01:40:40.162 | WARNING  | ir_sim.env.env_logger:warning:25 - robot0 roll back state
2024-06-22 01:40:40.248 | WARNING  | ir_sim.env.env_logger:warning:25 - robot0 is collided at state [np.float64(3.91), np.float64(15.81)]
2024-06-22 01:40:40.248 | WARNING  | ir_sim.env.env_logger:warning:25 - robot0 roll back state
2024-06-22 01:40:40.337 | WARNING  | ir_sim.env.env_logger:warning:25 - robot0 is collided at state [np.float64(3.91), np.float64(15.81)]
2024-06-22 01:40:40.338 | WARNING  | ir_sim.env.env_logger:warning:25 - robot0 roll back state
2024-06-22 01:40:40.423 | WARNING  | ir_sim.env.env_logger:warning:25 - robot0 is collided at state [np.float64(3.91), np.float64(15.81)]
2024-06-22 01:40:40.424 | WARNING  | ir_sim.env.env_logger:warning:25 - robot0 roll back state
2024-06-22 01:40:40.510 | WARNING  | ir_sim.env.env_logger:warning:25 - robot0 is collided at state [np.float64(3.91), np.float64(15.81)]
2024-06-22 01:40:40.510 | WARNING  | ir_sim.env.env_logger:warning:25 - robot0 roll back state
2024-06-22 01:41:02.304 | WARNING  | ir_sim.env.env_logger:warning:25 - robot0 is collided at state [np.float64(13.95), np.float64(11.86)]
2024-06-22 01:41:02.305 | WARNING  | ir_sim.env.env_logger:warning:25 - robot0 roll back state
2024-06-22 01:41:35.527 | WARNING  | ir_sim.env.env_logger:warning:25 - robot0 is collided at state [np.float64(15.55), np.float64(8.39)]
2024-06-22 01:42:07.555 | WARNING  | ir_sim.env.env_logger:warning:25 - robot0 is collided at state [np.float64(19.33), np.float64(17.77)]
2024-06-22 01:42:07.609 | INFO     | ir_sim.env.env_logger:info:16 - Figure will be closed within 10 seconds.
2024-06-22 01:42:25.387 | WARNING  | ir_sim.env.env_logger:warning:25 - robot0 is collided at state [np.float64(8.31), np.float64(11.8)]
2024-06-22 01:42:25.387 | WARNING  | ir_sim.env.env_logger:warning:25 - robot0 roll back state
2024-06-22 01:42:25.475 | WARNING  | ir_sim.env.env_logger:warning:25 - robot0 is collided at state [np.float64(8.31), np.float64(11.8)]
2024-06-22 01:42:25.475 | WARNING  | ir_sim.env.env_logger:warning:25 - robot0 roll back state
2024-06-22 01:42:25.563 | WARNING  | ir_sim.env.env_logger:warning:25 - robot0 is collided at state [np.float64(8.31), np.float64(11.8)]
2024-06-22 01:42:25.563 | WARNING  | ir_sim.env.env_logger:warning:25 - robot0 roll back state
2024-06-22 01:42:25.652 | WARNING  | ir_sim.env.env_logger:warning:25 - robot0 is collided at state [np.float64(8.31), np.float64(11.8)]
2024-06-22 01:42:25.652 | WARNING  | ir_sim.env.env_logger:warning:25 - robot0 roll back state
2024-06-22 01:42:25.739 | WARNING  | ir_sim.env.env_logger:warning:25 - robot0 is collided at state [np.float64(8.31), np.float64(11.8)]
2024-06-22 01:42:25.740 | WARNING  | ir_sim.env.env_logger:warning:25 - robot0 roll back state
2024-06-22 01:42:25.829 | WARNING  | ir_sim.env.env_logger:warning:25 - robot0 is collided at state [np.float64(8.31), np.float64(11.8)]
2024-06-22 01:42:25.829 | WARNING  | ir_sim.env.env_logger:warning:25 - robot0 roll back state
2024-06-22 01:42:25.917 | WARNING  | ir_sim.env.env_logger:warning:25 - robot0 is collided at state [np.float64(8.31), np.float64(11.8)]
2024-06-22 01:42:25.917 | WARNING  | ir_sim.env.env_logger:warning:25 - robot0 roll back state
2024-06-22 01:42:26.002 | WARNING  | ir_sim.env.env_logger:warning:25 - robot0 is collided at state [np.float64(8.31), np.float64(11.8)]
2024-06-22 01:42:26.003 | WARNING  | ir_sim.env.env_logger:warning:25 - robot0 roll back state
2024-06-22 01:42:26.089 | WARNING  | ir_sim.env.env_logger:warning:25 - robot0 is collided at state [np.float64(8.31), np.float64(11.8)]
2024-06-22 01:42:26.089 | WARNING  | ir_sim.env.env_logger:warning:25 - robot0 roll back state
2024-06-22 01:42:26.175 | WARNING  | ir_sim.env.env_logger:warning:25 - robot0 is collided at state [np.float64(8.31), np.float64(11.8)]
2024-06-22 01:42:26.175 | WARNING  | ir_sim.env.env_logger:warning:25 - robot0 roll back state
2024-06-22 01:42:26.264 | WARNING  | ir_sim.env.env_logger:warning:25 - robot0 is collided at state [np.float64(8.31), np.float64(11.8)]
2024-06-22 01:42:26.264 | WARNING  | ir_sim.env.env_logger:warning:25 - robot0 roll back state
2024-06-22 01:42:26.350 | WARNING  | ir_sim.env.env_logger:warning:25 - robot0 is collided at state [np.float64(8.31), np.float64(11.8)]
2024-06-22 01:42:26.350 | WARNING  | ir_sim.env.env_logger:warning:25 - robot0 roll back state
2024-06-22 01:42:26.440 | WARNING  | ir_sim.env.env_logger:warning:25 - robot0 is collided at state [np.float64(8.31), np.float64(11.8)]
2024-06-22 01:42:26.440 | WARNING  | ir_sim.env.env_logger:warning:25 - robot0 roll back state
2024-06-22 01:42:26.527 | WARNING  | ir_sim.env.env_logger:warning:25 - robot0 is collided at state [np.float64(8.31), np.float64(11.8)]
2024-06-22 01:42:26.527 | WARNING  | ir_sim.env.env_logger:warning:25 - robot0 roll back state
2024-06-22 01:42:26.616 | WARNING  | ir_sim.env.env_logger:warning:25 - robot0 is collided at state [np.float64(8.31), np.float64(11.8)]
2024-06-22 01:42:26.616 | WARNING  | ir_sim.env.env_logger:warning:25 - robot0 roll back state
2024-06-22 01:42:26.709 | WARNING  | ir_sim.env.env_logger:warning:25 - robot0 is collided at state [np.float64(8.31), np.float64(11.8)]
2024-06-22 01:42:26.709 | WARNING  | ir_sim.env.env_logger:warning:25 - robot0 roll back state
2024-06-22 01:42:33.777 | WARNING  | ir_sim.env.env_logger:warning:25 - robot0 is collided at state [np.float64(12.78), np.float64(25.12)]
2024-06-22 01:42:33.778 | WARNING  | ir_sim.env.env_logger:warning:25 - robot0 roll back state
2024-06-22 01:42:33.866 | WARNING  | ir_sim.env.env_logger:warning:25 - robot0 is collided at state [np.float64(12.78), np.float64(25.12)]
2024-06-22 01:42:33.866 | WARNING  | ir_sim.env.env_logger:warning:25 - robot0 roll back state
2024-06-22 01:42:33.953 | WARNING  | ir_sim.env.env_logger:warning:25 - robot0 is collided at state [np.float64(12.78), np.float64(25.12)]
2024-06-22 01:42:33.954 | WARNING  | ir_sim.env.env_logger:warning:25 - robot0 roll back state
2024-06-22 01:42:34.046 | WARNING  | ir_sim.env.env_logger:warning:25 - robot0 is collided at state [np.float64(12.78), np.float64(25.12)]
2024-06-22 01:42:34.047 | WARNING  | ir_sim.env.env_logger:warning:25 - robot0 roll back state
2024-06-22 01:42:34.136 | WARNING  | ir_sim.env.env_logger:warning:25 - robot0 is collided at state [np.float64(12.78), np.float64(25.12)]
2024-06-22 01:42:34.136 | WARNING  | ir_sim.env.env_logger:warning:25 - robot0 roll back state
2024-06-22 01:42:34.223 | WARNING  | ir_sim.env.env_logger:warning:25 - robot0 is collided at state [np.float64(12.78), np.float64(25.12)]
2024-06-22 01:42:34.223 | WARNING  | ir_sim.env.env_logger:warning:25 - robot0 roll back state
2024-06-22 01:42:34.313 | WARNING  | ir_sim.env.env_logger:warning:25 - robot0 is collided at state [np.float64(12.78), np.float64(25.12)]
2024-06-22 01:42:34.313 | WARNING  | ir_sim.env.env_logger:warning:25 - robot0 roll back state
2024-06-22 01:42:36.614 | WARNING  | ir_sim.env.env_logger:warning:25 - robot0 is collided at state [np.float64(13.4), np.float64(24.33)]
2024-06-22 01:42:36.615 | WARNING  | ir_sim.env.env_logger:warning:25 - robot0 roll back state
2024-06-22 01:42:36.702 | WARNING  | ir_sim.env.env_logger:warning:25 - robot0 is collided at state [np.float64(13.4), np.float64(24.33)]
2024-06-22 01:42:36.702 | WARNING  | ir_sim.env.env_logger:warning:25 - robot0 roll back state
2024-06-22 01:42:36.791 | WARNING  | ir_sim.env.env_logger:warning:25 - robot0 is collided at state [np.float64(13.4), np.float64(24.33)]
2024-06-22 01:42:36.791 | WARNING  | ir_sim.env.env_logger:warning:25 - robot0 roll back state
2024-06-22 01:42:36.878 | WARNING  | ir_sim.env.env_logger:warning:25 - robot0 is collided at state [np.float64(13.4), np.float64(24.33)]
2024-06-22 01:42:36.878 | WARNING  | ir_sim.env.env_logger:warning:25 - robot0 roll back state
2024-06-22 01:42:36.968 | WARNING  | ir_sim.env.env_logger:warning:25 - robot0 is collided at state [np.float64(13.4), np.float64(24.33)]
2024-06-22 01:42:36.968 | WARNING  | ir_sim.env.env_logger:warning:25 - robot0 roll back state
2024-06-22 01:42:37.058 | WARNING  | ir_sim.env.env_logger:warning:25 - robot0 is collided at state [np.float64(13.4), np.float64(24.33)]
2024-06-22 01:42:37.058 | WARNING  | ir_sim.env.env_logger:warning:25 - robot0 roll back state
2024-06-22 01:42:37.159 | WARNING  | ir_sim.env.env_logger:warning:25 - robot0 is collided at state [np.float64(13.4), np.float64(24.33)]
2024-06-22 01:42:37.159 | WARNING  | ir_sim.env.env_logger:warning:25 - robot0 roll back state
2024-06-22 01:42:37.249 | WARNING  | ir_sim.env.env_logger:warning:25 - robot0 is collided at state [np.float64(13.4), np.float64(24.33)]
2024-06-22 01:42:37.250 | WARNING  | ir_sim.env.env_logger:warning:25 - robot0 roll back state
2024-06-22 01:42:37.340 | WARNING  | ir_sim.env.env_logger:warning:25 - robot0 is collided at state [np.float64(13.4), np.float64(24.33)]
2024-06-22 01:42:37.340 | WARNING  | ir_sim.env.env_logger:warning:25 - robot0 roll back state
2024-06-22 01:42:37.432 | WARNING  | ir_sim.env.env_logger:warning:25 - robot0 is collided at state [np.float64(13.4), np.float64(24.33)]
2024-06-22 01:42:37.432 | WARNING  | ir_sim.env.env_logger:warning:25 - robot0 roll back state
2024-06-22 01:42:37.523 | WARNING  | ir_sim.env.env_logger:warning:25 - robot0 is collided at state [np.float64(13.4), np.float64(24.33)]
2024-06-22 01:42:37.523 | WARNING  | ir_sim.env.env_logger:warning:25 - robot0 roll back state
2024-06-22 01:42:37.615 | WARNING  | ir_sim.env.env_logger:warning:25 - robot0 is collided at state [np.float64(13.4), np.float64(24.33)]
2024-06-22 01:42:37.616 | WARNING  | ir_sim.env.env_logger:warning:25 - robot0 roll back state
2024-06-22 01:42:41.272 | WARNING  | ir_sim.env.env_logger:warning:25 - robot0 is collided at state [np.float64(13.72), np.float64(23.43)]
2024-06-22 01:42:41.272 | WARNING  | ir_sim.env.env_logger:warning:25 - robot0 roll back state
2024-06-22 01:42:41.364 | WARNING  | ir_sim.env.env_logger:warning:25 - robot0 is collided at state [np.float64(13.72), np.float64(23.43)]
2024-06-22 01:42:41.365 | WARNING  | ir_sim.env.env_logger:warning:25 - robot0 roll back state
2024-06-22 01:42:41.454 | WARNING  | ir_sim.env.env_logger:warning:25 - robot0 is collided at state [np.float64(13.72), np.float64(23.43)]
2024-06-22 01:42:41.454 | WARNING  | ir_sim.env.env_logger:warning:25 - robot0 roll back state
2024-06-22 01:42:41.542 | WARNING  | ir_sim.env.env_logger:warning:25 - robot0 is collided at state [np.float64(13.72), np.float64(23.43)]
2024-06-22 01:42:41.542 | WARNING  | ir_sim.env.env_logger:warning:25 - robot0 roll back state
2024-06-22 01:42:41.635 | WARNING  | ir_sim.env.env_logger:warning:25 - robot0 is collided at state [np.float64(13.72), np.float64(23.43)]
2024-06-22 01:42:41.635 | WARNING  | ir_sim.env.env_logger:warning:25 - robot0 roll back state
2024-06-22 01:42:41.722 | WARNING  | ir_sim.env.env_logger:warning:25 - robot0 is collided at state [np.float64(13.72), np.float64(23.43)]
2024-06-22 01:42:41.723 | WARNING  | ir_sim.env.env_logger:warning:25 - robot0 roll back state
2024-06-22 01:42:41.811 | WARNING  | ir_sim.env.env_logger:warning:25 - robot0 is collided at state [np.float64(13.72), np.float64(23.43)]
2024-06-22 01:42:41.811 | WARNING  | ir_sim.env.env_logger:warning:25 - robot0 roll back state
2024-06-22 01:42:41.898 | WARNING  | ir_sim.env.env_logger:warning:25 - robot0 is collided at state [np.float64(13.72), np.float64(23.43)]
2024-06-22 01:42:41.899 | WARNING  | ir_sim.env.env_logger:warning:25 - robot0 roll back state
2024-06-22 01:42:41.990 | WARNING  | ir_sim.env.env_logger:warning:25 - robot0 is collided at state [np.float64(13.72), np.float64(23.43)]
2024-06-22 01:42:41.991 | WARNING  | ir_sim.env.env_logger:warning:25 - robot0 roll back state
2024-06-22 01:42:42.080 | WARNING  | ir_sim.env.env_logger:warning:25 - robot0 is collided at state [np.float64(13.72), np.float64(23.43)]
2024-06-22 01:42:42.080 | WARNING  | ir_sim.env.env_logger:warning:25 - robot0 roll back state
2024-06-22 01:42:42.171 | WARNING  | ir_sim.env.env_logger:warning:25 - robot0 is collided at state [np.float64(13.72), np.float64(23.43)]
2024-06-22 01:42:42.171 | WARNING  | ir_sim.env.env_logger:warning:25 - robot0 roll back state
2024-06-22 01:42:42.270 | WARNING  | ir_sim.env.env_logger:warning:25 - robot0 is collided at state [np.float64(13.72), np.float64(23.43)]
2024-06-22 01:42:42.270 | WARNING  | ir_sim.env.env_logger:warning:25 - robot0 roll back state
2024-06-22 01:42:42.368 | WARNING  | ir_sim.env.env_logger:warning:25 - robot0 is collided at state [np.float64(13.72), np.float64(23.43)]
2024-06-22 01:42:42.369 | WARNING  | ir_sim.env.env_logger:warning:25 - robot0 roll back state
2024-06-22 01:42:44.584 | WARNING  | ir_sim.env.env_logger:warning:25 - robot0 is collided at state [np.float64(13.78), np.float64(23.41)]
2024-06-22 01:42:44.584 | WARNING  | ir_sim.env.env_logger:warning:25 - robot0 roll back state
2024-06-22 01:42:44.682 | WARNING  | ir_sim.env.env_logger:warning:25 - robot0 is collided at state [np.float64(13.78), np.float64(23.41)]
2024-06-22 01:42:44.682 | WARNING  | ir_sim.env.env_logger:warning:25 - robot0 roll back state
2024-06-22 01:42:44.775 | WARNING  | ir_sim.env.env_logger:warning:25 - robot0 is collided at state [np.float64(13.78), np.float64(23.41)]
2024-06-22 01:42:44.776 | WARNING  | ir_sim.env.env_logger:warning:25 - robot0 roll back state
2024-06-22 01:42:44.865 | WARNING  | ir_sim.env.env_logger:warning:25 - robot0 is collided at state [np.float64(13.78), np.float64(23.41)]
2024-06-22 01:42:44.865 | WARNING  | ir_sim.env.env_logger:warning:25 - robot0 roll back state
2024-06-22 01:42:44.955 | WARNING  | ir_sim.env.env_logger:warning:25 - robot0 is collided at state [np.float64(13.78), np.float64(23.41)]
2024-06-22 01:42:44.955 | WARNING  | ir_sim.env.env_logger:warning:25 - robot0 roll back state
2024-06-22 01:42:45.044 | WARNING  | ir_sim.env.env_logger:warning:25 - robot0 is collided at state [np.float64(13.78), np.float64(23.41)]
2024-06-22 01:42:45.044 | WARNING  | ir_sim.env.env_logger:warning:25 - robot0 roll back state
2024-06-22 01:42:45.133 | WARNING  | ir_sim.env.env_logger:warning:25 - robot0 is collided at state [np.float64(13.78), np.float64(23.41)]
2024-06-22 01:42:45.133 | WARNING  | ir_sim.env.env_logger:warning:25 - robot0 roll back state
2024-06-22 01:42:45.222 | WARNING  | ir_sim.env.env_logger:warning:25 - robot0 is collided at state [np.float64(13.78), np.float64(23.41)]
2024-06-22 01:42:45.222 | WARNING  | ir_sim.env.env_logger:warning:25 - robot0 roll back state
2024-06-22 01:42:45.310 | WARNING  | ir_sim.env.env_logger:warning:25 - robot0 is collided at state [np.float64(13.78), np.float64(23.41)]
2024-06-22 01:42:45.311 | WARNING  | ir_sim.env.env_logger:warning:25 - robot0 roll back state
2024-06-22 01:42:45.405 | WARNING  | ir_sim.env.env_logger:warning:25 - robot0 is collided at state [np.float64(13.78), np.float64(23.41)]
2024-06-22 01:42:45.405 | WARNING  | ir_sim.env.env_logger:warning:25 - robot0 roll back state
2024-06-22 01:42:50.866 | WARNING  | ir_sim.env.env_logger:warning:25 - robot0 is collided at state [np.float64(20.99), np.float64(20.08)]
2024-06-22 01:42:50.867 | WARNING  | ir_sim.env.env_logger:warning:25 - robot0 roll back state
2024-06-22 01:42:50.955 | WARNING  | ir_sim.env.env_logger:warning:25 - robot0 is collided at state [np.float64(20.99), np.float64(20.08)]
2024-06-22 01:42:50.955 | WARNING  | ir_sim.env.env_logger:warning:25 - robot0 roll back state
2024-06-22 01:42:51.042 | WARNING  | ir_sim.env.env_logger:warning:25 - robot0 is collided at state [np.float64(20.99), np.float64(20.08)]
2024-06-22 01:42:51.043 | WARNING  | ir_sim.env.env_logger:warning:25 - robot0 roll back state
2024-06-22 01:42:51.130 | WARNING  | ir_sim.env.env_logger:warning:25 - robot0 is collided at state [np.float64(20.99), np.float64(20.08)]
2024-06-22 01:42:51.131 | WARNING  | ir_sim.env.env_logger:warning:25 - robot0 roll back state
2024-06-22 01:42:51.218 | WARNING  | ir_sim.env.env_logger:warning:25 - robot0 is collided at state [np.float64(20.99), np.float64(20.08)]
2024-06-22 01:42:51.218 | WARNING  | ir_sim.env.env_logger:warning:25 - robot0 roll back state
2024-06-22 01:42:51.307 | WARNING  | ir_sim.env.env_logger:warning:25 - robot0 is collided at state [np.float64(20.99), np.float64(20.08)]
2024-06-22 01:42:51.307 | WARNING  | ir_sim.env.env_logger:warning:25 - robot0 roll back state
2024-06-22 01:42:51.395 | WARNING  | ir_sim.env.env_logger:warning:25 - robot0 is collided at state [np.float64(20.99), np.float64(20.08)]
2024-06-22 01:42:51.395 | WARNING  | ir_sim.env.env_logger:warning:25 - robot0 roll back state
2024-06-22 01:42:51.487 | WARNING  | ir_sim.env.env_logger:warning:25 - robot0 is collided at state [np.float64(20.99), np.float64(20.08)]
2024-06-22 01:42:51.488 | WARNING  | ir_sim.env.env_logger:warning:25 - robot0 roll back state
2024-06-22 01:42:51.575 | WARNING  | ir_sim.env.env_logger:warning:25 - robot0 is collided at state [np.float64(20.99), np.float64(20.08)]
2024-06-22 01:42:51.576 | WARNING  | ir_sim.env.env_logger:warning:25 - robot0 roll back state
2024-06-22 01:42:52.101 | WARNING  | ir_sim.env.env_logger:warning:25 - robot0 is collided at state [np.float64(20.99), np.float64(20.08)]
2024-06-22 01:42:52.101 | WARNING  | ir_sim.env.env_logger:warning:25 - robot0 roll back state
2024-06-22 01:42:52.189 | WARNING  | ir_sim.env.env_logger:warning:25 - robot0 is collided at state [np.float64(20.99), np.float64(20.08)]
2024-06-22 01:42:52.189 | WARNING  | ir_sim.env.env_logger:warning:25 - robot0 roll back state
2024-06-22 01:42:52.277 | WARNING  | ir_sim.env.env_logger:warning:25 - robot0 is collided at state [np.float64(20.99), np.float64(20.08)]
2024-06-22 01:42:52.278 | WARNING  | ir_sim.env.env_logger:warning:25 - robot0 roll back state
2024-06-22 01:42:52.365 | WARNING  | ir_sim.env.env_logger:warning:25 - robot0 is collided at state [np.float64(20.99), np.float64(20.08)]
2024-06-22 01:42:52.366 | WARNING  | ir_sim.env.env_logger:warning:25 - robot0 roll back state
2024-06-22 01:42:52.453 | WARNING  | ir_sim.env.env_logger:warning:25 - robot0 is collided at state [np.float64(20.99), np.float64(20.08)]
2024-06-22 01:42:52.453 | WARNING  | ir_sim.env.env_logger:warning:25 - robot0 roll back state
2024-06-22 01:42:52.547 | WARNING  | ir_sim.env.env_logger:warning:25 - robot0 is collided at state [np.float64(20.99), np.float64(20.08)]
2024-06-22 01:42:52.547 | WARNING  | ir_sim.env.env_logger:warning:25 - robot0 roll back state
2024-06-22 01:42:52.634 | WARNING  | ir_sim.env.env_logger:warning:25 - robot0 is collided at state [np.float64(20.99), np.float64(20.08)]
2024-06-22 01:42:52.634 | WARNING  | ir_sim.env.env_logger:warning:25 - robot0 roll back state
2024-06-22 01:42:52.722 | WARNING  | ir_sim.env.env_logger:warning:25 - robot0 is collided at state [np.float64(20.99), np.float64(20.08)]
2024-06-22 01:42:52.722 | WARNING  | ir_sim.env.env_logger:warning:25 - robot0 roll back state
2024-06-22 01:42:52.810 | WARNING  | ir_sim.env.env_logger:warning:25 - robot0 is collided at state [np.float64(20.99), np.float64(20.08)]
2024-06-22 01:42:52.810 | WARNING  | ir_sim.env.env_logger:warning:25 - robot0 roll back state
2024-06-22 01:42:52.898 | WARNING  | ir_sim.env.env_logger:warning:25 - robot0 is collided at state [np.float64(20.99), np.float64(20.08)]
2024-06-22 01:42:52.899 | WARNING  | ir_sim.env.env_logger:warning:25 - robot0 roll back state
2024-06-22 01:42:52.986 | WARNING  | ir_sim.env.env_logger:warning:25 - robot0 is collided at state [np.float64(20.99), np.float64(20.08)]
2024-06-22 01:42:52.986 | WARNING  | ir_sim.env.env_logger:warning:25 - robot0 roll back state
2024-06-22 01:42:53.078 | WARNING  | ir_sim.env.env_logger:warning:25 - robot0 is collided at state [np.float64(20.99), np.float64(20.08)]
2024-06-22 01:42:53.078 | WARNING  | ir_sim.env.env_logger:warning:25 - robot0 roll back state
2024-06-22 01:42:53.166 | WARNING  | ir_sim.env.env_logger:warning:25 - robot0 is collided at state [np.float64(20.99), np.float64(20.08)]
2024-06-22 01:42:53.166 | WARNING  | ir_sim.env.env_logger:warning:25 - robot0 roll back state
2024-06-22 01:42:54.480 | WARNING  | ir_sim.env.env_logger:warning:25 - robot0 is collided at state [np.float64(21.07), np.float64(20.15)]
2024-06-22 01:42:54.480 | WARNING  | ir_sim.env.env_logger:warning:25 - robot0 roll back state
2024-06-22 01:42:54.572 | WARNING  | ir_sim.env.env_logger:warning:25 - robot0 is collided at state [np.float64(21.07), np.float64(20.15)]
2024-06-22 01:42:54.573 | WARNING  | ir_sim.env.env_logger:warning:25 - robot0 roll back state
2024-06-22 01:42:54.661 | WARNING  | ir_sim.env.env_logger:warning:25 - robot0 is collided at state [np.float64(21.07), np.float64(20.15)]
2024-06-22 01:42:54.661 | WARNING  | ir_sim.env.env_logger:warning:25 - robot0 roll back state
2024-06-22 01:42:54.754 | WARNING  | ir_sim.env.env_logger:warning:25 - robot0 is collided at state [np.float64(21.07), np.float64(20.15)]
2024-06-22 01:42:54.754 | WARNING  | ir_sim.env.env_logger:warning:25 - robot0 roll back state
2024-06-22 01:42:54.843 | WARNING  | ir_sim.env.env_logger:warning:25 - robot0 is collided at state [np.float64(21.07), np.float64(20.15)]
2024-06-22 01:42:54.844 | WARNING  | ir_sim.env.env_logger:warning:25 - robot0 roll back state
2024-06-22 01:42:54.932 | WARNING  | ir_sim.env.env_logger:warning:25 - robot0 is collided at state [np.float64(21.07), np.float64(20.15)]
2024-06-22 01:42:54.933 | WARNING  | ir_sim.env.env_logger:warning:25 - robot0 roll back state
2024-06-22 01:42:55.023 | WARNING  | ir_sim.env.env_logger:warning:25 - robot0 is collided at state [np.float64(21.07), np.float64(20.15)]
2024-06-22 01:42:55.023 | WARNING  | ir_sim.env.env_logger:warning:25 - robot0 roll back state
2024-06-22 01:42:55.113 | WARNING  | ir_sim.env.env_logger:warning:25 - robot0 is collided at state [np.float64(21.07), np.float64(20.15)]
2024-06-22 01:42:55.113 | WARNING  | ir_sim.env.env_logger:warning:25 - robot0 roll back state
2024-06-22 01:42:55.203 | WARNING  | ir_sim.env.env_logger:warning:25 - robot0 is collided at state [np.float64(21.07), np.float64(20.15)]
2024-06-22 01:42:55.203 | WARNING  | ir_sim.env.env_logger:warning:25 - robot0 roll back state
2024-06-22 01:42:55.292 | WARNING  | ir_sim.env.env_logger:warning:25 - robot0 is collided at state [np.float64(21.07), np.float64(20.15)]
2024-06-22 01:42:55.293 | WARNING  | ir_sim.env.env_logger:warning:25 - robot0 roll back state
2024-06-22 01:42:55.383 | WARNING  | ir_sim.env.env_logger:warning:25 - robot0 is collided at state [np.float64(21.07), np.float64(20.15)]
2024-06-22 01:42:55.383 | WARNING  | ir_sim.env.env_logger:warning:25 - robot0 roll back state
2024-06-22 01:42:56.348 | WARNING  | ir_sim.env.env_logger:warning:25 - robot0 is collided at state [np.float64(21.07), np.float64(20.15)]
2024-06-22 01:42:56.348 | WARNING  | ir_sim.env.env_logger:warning:25 - robot0 roll back state
2024-06-22 01:42:56.436 | WARNING  | ir_sim.env.env_logger:warning:25 - robot0 is collided at state [np.float64(21.07), np.float64(20.15)]
2024-06-22 01:42:56.436 | WARNING  | ir_sim.env.env_logger:warning:25 - robot0 roll back state
2024-06-22 01:42:56.524 | WARNING  | ir_sim.env.env_logger:warning:25 - robot0 is collided at state [np.float64(21.07), np.float64(20.15)]
2024-06-22 01:42:56.524 | WARNING  | ir_sim.env.env_logger:warning:25 - robot0 roll back state
2024-06-22 01:42:57.223 | WARNING  | ir_sim.env.env_logger:warning:25 - robot0 is collided at state [np.float64(21.07), np.float64(20.15)]
2024-06-22 01:42:57.223 | WARNING  | ir_sim.env.env_logger:warning:25 - robot0 roll back state
2024-06-22 01:42:57.312 | WARNING  | ir_sim.env.env_logger:warning:25 - robot0 is collided at state [np.float64(21.07), np.float64(20.15)]
2024-06-22 01:42:57.312 | WARNING  | ir_sim.env.env_logger:warning:25 - robot0 roll back state
2024-06-22 01:42:57.401 | WARNING  | ir_sim.env.env_logger:warning:25 - robot0 is collided at state [np.float64(21.07), np.float64(20.15)]
2024-06-22 01:42:57.402 | WARNING  | ir_sim.env.env_logger:warning:25 - robot0 roll back state
2024-06-22 01:42:57.491 | WARNING  | ir_sim.env.env_logger:warning:25 - robot0 is collided at state [np.float64(21.07), np.float64(20.15)]
2024-06-22 01:42:57.491 | WARNING  | ir_sim.env.env_logger:warning:25 - robot0 roll back state
2024-06-22 01:42:57.580 | WARNING  | ir_sim.env.env_logger:warning:25 - robot0 is collided at state [np.float64(21.07), np.float64(20.15)]
2024-06-22 01:42:57.580 | WARNING  | ir_sim.env.env_logger:warning:25 - robot0 roll back state
2024-06-22 01:42:57.667 | WARNING  | ir_sim.env.env_logger:warning:25 - robot0 is collided at state [np.float64(21.07), np.float64(20.15)]
2024-06-22 01:42:57.667 | WARNING  | ir_sim.env.env_logger:warning:25 - robot0 roll back state
2024-06-22 01:42:57.754 | WARNING  | ir_sim.env.env_logger:warning:25 - robot0 is collided at state [np.float64(21.07), np.float64(20.15)]
2024-06-22 01:42:57.755 | WARNING  | ir_sim.env.env_logger:warning:25 - robot0 roll back state
2024-06-22 01:42:57.845 | WARNING  | ir_sim.env.env_logger:warning:25 - robot0 is collided at state [np.float64(21.07), np.float64(20.15)]
2024-06-22 01:42:57.845 | WARNING  | ir_sim.env.env_logger:warning:25 - robot0 roll back state
2024-06-22 01:42:57.939 | WARNING  | ir_sim.env.env_logger:warning:25 - robot0 is collided at state [np.float64(21.07), np.float64(20.15)]
2024-06-22 01:42:57.939 | WARNING  | ir_sim.env.env_logger:warning:25 - robot0 roll back state
2024-06-22 01:42:58.026 | WARNING  | ir_sim.env.env_logger:warning:25 - robot0 is collided at state [np.float64(21.07), np.float64(20.15)]
2024-06-22 01:42:58.026 | WARNING  | ir_sim.env.env_logger:warning:25 - robot0 roll back state
2024-06-22 01:42:58.131 | WARNING  | ir_sim.env.env_logger:warning:25 - robot0 is collided at state [np.float64(21.07), np.float64(20.15)]
2024-06-22 01:42:58.131 | WARNING  | ir_sim.env.env_logger:warning:25 - robot0 roll back state
2024-06-22 01:42:58.220 | WARNING  | ir_sim.env.env_logger:warning:25 - robot0 is collided at state [np.float64(21.07), np.float64(20.15)]
2024-06-22 01:42:58.220 | WARNING  | ir_sim.env.env_logger:warning:25 - robot0 roll back state
2024-06-22 01:43:00.515 | WARNING  | ir_sim.env.env_logger:warning:25 - robot0 is collided at state [np.float64(24.06), np.float64(18.83)]
2024-06-22 01:43:00.515 | WARNING  | ir_sim.env.env_logger:warning:25 - robot0 roll back state
2024-06-22 01:43:00.609 | WARNING  | ir_sim.env.env_logger:warning:25 - robot0 is collided at state [np.float64(24.06), np.float64(18.83)]
2024-06-22 01:43:00.609 | WARNING  | ir_sim.env.env_logger:warning:25 - robot0 roll back state
2024-06-22 01:43:00.699 | WARNING  | ir_sim.env.env_logger:warning:25 - robot0 is collided at state [np.float64(24.06), np.float64(18.83)]
2024-06-22 01:43:00.699 | WARNING  | ir_sim.env.env_logger:warning:25 - robot0 roll back state
2024-06-22 01:43:00.799 | WARNING  | ir_sim.env.env_logger:warning:25 - robot0 is collided at state [np.float64(24.06), np.float64(18.83)]
2024-06-22 01:43:00.799 | WARNING  | ir_sim.env.env_logger:warning:25 - robot0 roll back state
2024-06-22 01:43:00.888 | WARNING  | ir_sim.env.env_logger:warning:25 - robot0 is collided at state [np.float64(24.06), np.float64(18.83)]
2024-06-22 01:43:00.888 | WARNING  | ir_sim.env.env_logger:warning:25 - robot0 roll back state
2024-06-22 01:43:00.976 | WARNING  | ir_sim.env.env_logger:warning:25 - robot0 is collided at state [np.float64(24.06), np.float64(18.83)]
2024-06-22 01:43:00.977 | WARNING  | ir_sim.env.env_logger:warning:25 - robot0 roll back state
2024-06-22 01:43:01.065 | WARNING  | ir_sim.env.env_logger:warning:25 - robot0 is collided at state [np.float64(24.06), np.float64(18.83)]
2024-06-22 01:43:01.065 | WARNING  | ir_sim.env.env_logger:warning:25 - robot0 roll back state
2024-06-22 01:43:01.153 | WARNING  | ir_sim.env.env_logger:warning:25 - robot0 is collided at state [np.float64(24.06), np.float64(18.83)]
2024-06-22 01:43:01.153 | WARNING  | ir_sim.env.env_logger:warning:25 - robot0 roll back state
2024-06-22 02:16:35.275 | WARNING  | ir_sim.env.env_logger:warning:25 - robot0 is collided at state [np.float64(26.86), np.float64(13.53)]
2024-06-22 02:16:35.275 | WARNING  | ir_sim.env.env_logger:warning:25 - robot0 roll back state
2024-06-22 02:16:36.010 | WARNING  | ir_sim.env.env_logger:warning:25 - robot0 is collided at state [np.float64(26.86), np.float64(13.53)]
2024-06-22 02:16:36.011 | WARNING  | ir_sim.env.env_logger:warning:25 - robot0 roll back state
2024-06-22 02:16:36.759 | WARNING  | ir_sim.env.env_logger:warning:25 - robot0 is collided at state [np.float64(26.86), np.float64(13.53)]
2024-06-22 02:16:36.759 | WARNING  | ir_sim.env.env_logger:warning:25 - robot0 roll back state
2024-06-22 02:16:38.959 | WARNING  | ir_sim.env.env_logger:warning:25 - robot0 is collided at state [np.float64(26.82), np.float64(13.45)]
2024-06-22 02:16:38.960 | WARNING  | ir_sim.env.env_logger:warning:25 - robot0 roll back state
2024-06-22 02:16:39.706 | WARNING  | ir_sim.env.env_logger:warning:25 - robot0 is collided at state [np.float64(26.82), np.float64(13.45)]
2024-06-22 02:16:39.707 | WARNING  | ir_sim.env.env_logger:warning:25 - robot0 roll back state
2024-06-22 02:16:40.462 | WARNING  | ir_sim.env.env_logger:warning:25 - robot0 is collided at state [np.float64(26.82), np.float64(13.45)]
2024-06-22 02:16:40.462 | WARNING  | ir_sim.env.env_logger:warning:25 - robot0 roll back state
2024-06-22 02:16:51.143 | WARNING  | ir_sim.env.env_logger:warning:25 - robot0 is collided at state [np.float64(26.73), np.float64(13.38)]
2024-06-22 02:16:51.144 | WARNING  | ir_sim.env.env_logger:warning:25 - robot0 roll back state
2024-06-22 02:16:51.951 | WARNING  | ir_sim.env.env_logger:warning:25 - robot0 is collided at state [np.float64(26.73), np.float64(13.38)]
2024-06-22 02:16:51.951 | WARNING  | ir_sim.env.env_logger:warning:25 - robot0 roll back state
2024-06-22 02:16:52.772 | WARNING  | ir_sim.env.env_logger:warning:25 - robot0 is collided at state [np.float64(26.73), np.float64(13.38)]
2024-06-22 02:16:52.772 | WARNING  | ir_sim.env.env_logger:warning:25 - robot0 roll back state
2024-06-22 02:16:53.579 | WARNING  | ir_sim.env.env_logger:warning:25 - robot0 is collided at state [np.float64(26.73), np.float64(13.38)]
2024-06-22 02:16:53.579 | WARNING  | ir_sim.env.env_logger:warning:25 - robot0 roll back state
2024-06-22 02:19:07.321 | WARNING  | ir_sim.env.env_logger:warning:25 - robot0 is collided at state [np.float64(51.2), np.float64(25.0)]
2024-06-22 02:19:07.322 | WARNING  | ir_sim.env.env_logger:warning:25 - robot0 roll back state
2024-06-22 02:19:07.419 | WARNING  | ir_sim.env.env_logger:warning:25 - robot0 is collided at state [np.float64(51.2), np.float64(25.0)]
2024-06-22 02:19:07.419 | WARNING  | ir_sim.env.env_logger:warning:25 - robot0 roll back state
2024-06-22 02:19:07.518 | WARNING  | ir_sim.env.env_logger:warning:25 - robot0 is collided at state [np.float64(51.2), np.float64(25.0)]
2024-06-22 02:19:07.518 | WARNING  | ir_sim.env.env_logger:warning:25 - robot0 roll back state
2024-06-22 02:19:07.618 | WARNING  | ir_sim.env.env_logger:warning:25 - robot0 is collided at state [np.float64(51.2), np.float64(25.0)]
2024-06-22 02:19:07.619 | WARNING  | ir_sim.env.env_logger:warning:25 - robot0 roll back state
2024-06-22 02:19:07.717 | WARNING  | ir_sim.env.env_logger:warning:25 - robot0 is collided at state [np.float64(51.2), np.float64(25.0)]
2024-06-22 02:19:07.717 | WARNING  | ir_sim.env.env_logger:warning:25 - robot0 roll back state
2024-06-22 02:19:07.817 | WARNING  | ir_sim.env.env_logger:warning:25 - robot0 is collided at state [np.float64(51.2), np.float64(25.0)]
2024-06-22 02:19:07.817 | WARNING  | ir_sim.env.env_logger:warning:25 - robot0 roll back state
2024-06-22 02:19:40.420 | WARNING  | ir_sim.env.env_logger:warning:25 - robot0 is collided at state [np.float64(53.2), np.float64(25.0)]
2024-06-22 02:19:40.420 | WARNING  | ir_sim.env.env_logger:warning:25 - robot0 roll back state
2024-06-22 02:19:40.508 | WARNING  | ir_sim.env.env_logger:warning:25 - robot0 is collided at state [np.float64(53.2), np.float64(25.0)]
2024-06-22 02:19:40.508 | WARNING  | ir_sim.env.env_logger:warning:25 - robot0 roll back state
2024-06-22 02:19:40.597 | WARNING  | ir_sim.env.env_logger:warning:25 - robot0 is collided at state [np.float64(53.2), np.float64(25.0)]
2024-06-22 02:19:40.597 | WARNING  | ir_sim.env.env_logger:warning:25 - robot0 roll back state
2024-06-22 02:20:37.540 | WARNING  | ir_sim.env.env_logger:warning:25 - robot0 is collided at state [np.float64(55.98), np.float64(26.08)]
2024-06-22 02:20:37.540 | WARNING  | ir_sim.env.env_logger:warning:25 - robot0 roll back state
2024-06-22 02:20:45.618 | WARNING  | ir_sim.env.env_logger:warning:25 - robot0 is collided at state [np.float64(59.76), np.float64(27.22)]
2024-06-22 02:20:45.618 | WARNING  | ir_sim.env.env_logger:warning:25 - robot0 roll back state
2024-06-22 02:20:46.387 | WARNING  | ir_sim.env.env_logger:warning:25 - robot0 is collided at state [np.float64(59.76), np.float64(27.22)]
2024-06-22 02:20:46.388 | WARNING  | ir_sim.env.env_logger:warning:25 - robot0 roll back state
2024-06-22 02:20:47.182 | WARNING  | ir_sim.env.env_logger:warning:25 - robot0 is collided at state [np.float64(59.76), np.float64(27.22)]
2024-06-22 02:20:47.183 | WARNING  | ir_sim.env.env_logger:warning:25 - robot0 roll back state
2024-06-22 02:20:47.977 | WARNING  | ir_sim.env.env_logger:warning:25 - robot0 is collided at state [np.float64(59.76), np.float64(27.22)]
2024-06-22 02:20:47.978 | WARNING  | ir_sim.env.env_logger:warning:25 - robot0 roll back state
2024-06-22 02:21:09.591 | WARNING  | ir_sim.env.env_logger:warning:25 - robot0 is collided at state [np.float64(59.76), np.float64(27.22)]
2024-06-22 02:21:09.591 | WARNING  | ir_sim.env.env_logger:warning:25 - robot0 roll back state
2024-06-22 02:21:10.386 | WARNING  | ir_sim.env.env_logger:warning:25 - robot0 is collided at state [np.float64(59.76), np.float64(27.22)]
2024-06-22 02:21:10.387 | WARNING  | ir_sim.env.env_logger:warning:25 - robot0 roll back state
2024-06-22 02:21:11.182 | WARNING  | ir_sim.env.env_logger:warning:25 - robot0 is collided at state [np.float64(59.76), np.float64(27.22)]
2024-06-22 02:21:11.182 | WARNING  | ir_sim.env.env_logger:warning:25 - robot0 roll back state
